Fri Jan 06 20:25:28 CET 2012 [INFO] Mycelium is initializing...
Fri Jan 06 20:25:28 CET 2012 [INFO] Registration packets...
Fri Jan 06 20:25:28 CET 2012 [INFO] Registered 5 packets.
Fri Jan 06 20:25:28 CET 2012 [INFO] Starting the server...
Fri Jan 06 20:25:28 CET 2012 [INFO] The server is started on port 25565.
Fri Jan 06 20:25:28 CET 2012 [INFO] Starting GUI...
Fri Jan 06 20:26:00 CET 2012 [INFO] Mycelium is initializing...
Fri Jan 06 20:26:00 CET 2012 [INFO] Registration packets...
Fri Jan 06 20:26:00 CET 2012 [INFO] Registered 5 packets.
Fri Jan 06 20:26:00 CET 2012 [INFO] Starting the server...
Fri Jan 06 20:26:00 CET 2012 [INFO] The server is started on port 25565.
Fri Jan 06 20:26:00 CET 2012 [INFO] Starting GUI...
Fri Jan 06 20:44:09 CET 2012 [INFO] Mycelium is initializing...
Fri Jan 06 20:44:09 CET 2012 [INFO] Registration packets...
Fri Jan 06 20:44:09 CET 2012 [INFO] Registered 5 packets.
Fri Jan 06 20:44:09 CET 2012 [INFO] Starting the server...
Fri Jan 06 20:44:09 CET 2012 [ALLVARLIG] [Mycelium] Failed to start a server listener
Fri Jan 06 20:44:09 CET 2012 [INFO] Starting GUI...
Sat Jan 07 19:31:24 CET 2012 [INFO] Mycelium is initializing...
Sat Jan 07 19:31:24 CET 2012 [INFO] Registration packets...
Sat Jan 07 19:31:24 CET 2012 [INFO] Registered 5 packets.
Sat Jan 07 19:31:24 CET 2012 [INFO] Starting the server...
Sat Jan 07 19:31:24 CET 2012 [INFO] The server is started on port 25565.
Sat Jan 07 19:31:24 CET 2012 [INFO] Starting GUI...
Sun Jan 08 00:15:28 CET 2012 [INFO] Mycelium is initializing...
Sun Jan 08 00:15:28 CET 2012 [INFO] Registration packets...
Sun Jan 08 00:15:28 CET 2012 [INFO] Registered 5 packets.
Sun Jan 08 00:15:28 CET 2012 [INFO] Starting the server...
Sun Jan 08 00:15:28 CET 2012 [INFO] The server is started on port 25565.
